<?xml version="1.0" encoding="UTF-8"?>
<!-- Generated by org.testng.reporters.JUnitReportReporter -->
<testsuite skipped="0" hostname="yangbindeMacBook-Air.local" name="com.YQN.RMS30.demo" tests="1" failures="0" timestamp="2020-02-28T18:37:12 CST" time="2.757" errors="0">
  <testcase name="update_9901" time="2.757" classname="com.YQN.RMS30.demo"/>
  <system-out/>
</testsuite> <!-- com.YQN.RMS30.demo -->
