<?xml version="1.0" encoding="UTF-8"?>
<!-- Generated by org.testng.reporters.JUnitReportReporter -->
<testsuite skipped="0" hostname="yangbindeMacBook-Air.local" name="com.YQN.RMS30.testfull" tests="1" failures="0" timestamp="2020-02-28T19:09:30 CST" time="2.483" errors="0">
  <testcase name="update" time="2.483" classname="com.YQN.RMS30.testfull"/>
  <system-out/>
</testsuite> <!-- com.YQN.RMS30.testfull -->
